[flash-chat-web-auth,dev] 2026-06-28 13:27:20.069  WARN 29380 --- [           main] c.a.c.n.c.NacosPropertySourceBuilder     : Ignore the empty nacos configuration and get it based on dataId[flash-chat-web-auth] & group[DEFAULT_GROUP]
[flash-chat-web-auth,dev] 2026-06-28 13:27:20.083  WARN 29380 --- [           main] c.a.c.n.c.NacosPropertySourceBuilder     : Ignore the empty nacos configuration and get it based on dataId[flash-chat-web-auth.yaml] & group[DEFAULT_GROUP]
[flash-chat-web-auth,dev] 2026-06-28 13:27:20.967  WARN 29380 --- [           main] ConfigServletWebServerApplicationContext : Exception encountered during context initialization - cancelling refresh attempt: org.springframework.beans.factory.BeanCreationException: Error creating bean with name 'webInterceptorConfig': Injection of resource dependencies failed
[flash-chat-web-auth,dev] 2026-06-28 13:27:21.059  WARN 29380 --- [       Thread-1] c.a.n.c.h.HttpClientBeanHolder           : [HttpClientBeanHolder] Start destroying common HttpClient
[flash-chat-web-auth,dev] 2026-06-28 13:27:21.059  WARN 29380 --- [       Thread-3] c.a.n.c.n.NotifyCenter                   : [NotifyCenter] Start destroying Publisher
[flash-chat-web-auth,dev] 2026-06-28 13:27:21.060  WARN 29380 --- [       Thread-3] c.a.n.c.n.NotifyCenter                   : [NotifyCenter] Destruction of the end
[flash-chat-web-auth,dev] 2026-06-28 13:27:21.061  WARN 29380 --- [       Thread-1] c.a.n.c.h.HttpClientBeanHolder           : [HttpClientBeanHolder] Destruction of the end
[flash-chat-web-auth,dev] 2026-06-28 13:28:40.102  WARN 34140 --- [           main] c.a.c.n.c.NacosPropertySourceBuilder     : Ignore the empty nacos configuration and get it based on dataId[flash-chat-web-auth] & group[DEFAULT_GROUP]
[flash-chat-web-auth,dev] 2026-06-28 13:28:40.108  WARN 34140 --- [           main] c.a.c.n.c.NacosPropertySourceBuilder     : Ignore the empty nacos configuration and get it based on dataId[flash-chat-web-auth.yaml] & group[DEFAULT_GROUP]
[flash-chat-web-auth,dev] 2026-06-28 13:28:40.864  WARN 34140 --- [           main] ConfigServletWebServerApplicationContext : Exception encountered during context initialization - cancelling refresh attempt: org.springframework.beans.factory.BeanCreationException: Error creating bean with name 'webInterceptorConfig': Injection of resource dependencies failed
[flash-chat-web-auth,dev] 2026-06-28 13:28:40.926  WARN 34140 --- [       Thread-3] c.a.n.c.n.NotifyCenter                   : [NotifyCenter] Start destroying Publisher
[flash-chat-web-auth,dev] 2026-06-28 13:28:40.926  WARN 34140 --- [       Thread-1] c.a.n.c.h.HttpClientBeanHolder           : [HttpClientBeanHolder] Start destroying common HttpClient
[flash-chat-web-auth,dev] 2026-06-28 13:28:40.926  WARN 34140 --- [       Thread-3] c.a.n.c.n.NotifyCenter                   : [NotifyCenter] Destruction of the end
[flash-chat-web-auth,dev] 2026-06-28 13:28:40.926  WARN 34140 --- [       Thread-1] c.a.n.c.h.HttpClientBeanHolder           : [HttpClientBeanHolder] Destruction of the end
[flash-chat-web-auth,dev] 2026-06-28 13:29:34.226  WARN 24332 --- [           main] c.a.c.n.c.NacosPropertySourceBuilder     : Ignore the empty nacos configuration and get it based on dataId[flash-chat-web-auth] & group[DEFAULT_GROUP]
[flash-chat-web-auth,dev] 2026-06-28 13:29:34.233  WARN 24332 --- [           main] c.a.c.n.c.NacosPropertySourceBuilder     : Ignore the empty nacos configuration and get it based on dataId[flash-chat-web-auth.yaml] & group[DEFAULT_GROUP]
[flash-chat-web-auth,dev] 2026-06-28 13:29:35.239  WARN 24332 --- [           main] ConfigServletWebServerApplicationContext : Exception encountered during context initialization - cancelling refresh attempt: org.springframework.beans.factory.BeanCreationException: Error creating bean with name 'authController': Lookup method resolution failed
[flash-chat-web-auth,dev] 2026-06-28 13:29:36.106  WARN 24332 --- [       Thread-3] c.a.n.c.n.NotifyCenter                   : [NotifyCenter] Start destroying Publisher
[flash-chat-web-auth,dev] 2026-06-28 13:29:36.106  WARN 24332 --- [       Thread-1] c.a.n.c.h.HttpClientBeanHolder           : [HttpClientBeanHolder] Start destroying common HttpClient
[flash-chat-web-auth,dev] 2026-06-28 13:29:36.106  WARN 24332 --- [       Thread-3] c.a.n.c.n.NotifyCenter                   : [NotifyCenter] Destruction of the end
[flash-chat-web-auth,dev] 2026-06-28 13:31:08.786  WARN 12060 --- [           main] c.a.c.n.c.NacosPropertySourceBuilder     : Ignore the empty nacos configuration and get it based on dataId[flash-chat-web-auth] & group[DEFAULT_GROUP]
[flash-chat-web-auth,dev] 2026-06-28 13:31:08.793  WARN 12060 --- [           main] c.a.c.n.c.NacosPropertySourceBuilder     : Ignore the empty nacos configuration and get it based on dataId[flash-chat-web-auth.yaml] & group[DEFAULT_GROUP]
[flash-chat-web-auth,dev] 2026-06-28 13:31:09.683  WARN 12060 --- [           main] ConfigServletWebServerApplicationContext : Exception encountered during context initialization - cancelling refresh attempt: org.springframework.beans.factory.BeanCreationException: Error creating bean with name 'authController': Lookup method resolution failed
[flash-chat-web-auth,dev] 2026-06-28 13:31:10.577  WARN 12060 --- [       Thread-1] c.a.n.c.h.HttpClientBeanHolder           : [HttpClientBeanHolder] Start destroying common HttpClient
[flash-chat-web-auth,dev] 2026-06-28 13:31:10.577  WARN 12060 --- [       Thread-3] c.a.n.c.n.NotifyCenter                   : [NotifyCenter] Start destroying Publisher
[flash-chat-web-auth,dev] 2026-06-28 13:31:10.578  WARN 12060 --- [       Thread-3] c.a.n.c.n.NotifyCenter                   : [NotifyCenter] Destruction of the end
[flash-chat-web-auth,dev] 2026-06-28 13:31:41.218  WARN 13304 --- [           main] c.a.c.n.c.NacosPropertySourceBuilder     : Ignore the empty nacos configuration and get it based on dataId[flash-chat-web-auth] & group[DEFAULT_GROUP]
[flash-chat-web-auth,dev] 2026-06-28 13:31:41.226  WARN 13304 --- [           main] c.a.c.n.c.NacosPropertySourceBuilder     : Ignore the empty nacos configuration and get it based on dataId[flash-chat-web-auth.yaml] & group[DEFAULT_GROUP]
[flash-chat-web-auth,dev] 2026-06-28 13:36:26.198  WARN 13304 --- [nio-8890-exec-3] i.g.z.a.e.GlobalExceptionHandler         : /auth/sendSms request fail,errorCode:auth-10003,errorMessage:短信发送频繁
[flash-chat-web-auth,dev] 2026-06-28 13:36:48.342  WARN 13304 --- [listener.task-0] c.a.c.n.c.NacosPropertySourceBuilder     : Ignore the empty nacos configuration and get it based on dataId[null.yaml] & group[DEFAULT_GROUP]
[flash-chat-web-auth,dev] 2026-06-28 13:36:48.346  WARN 13304 --- [listener.task-0] c.a.c.n.c.NacosPropertySourceBuilder     : Ignore the empty nacos configuration and get it based on dataId[null-dev.yaml] & group[DEFAULT_GROUP]
[flash-chat-web-auth,dev] 2026-06-28 14:04:29.485  WARN 30064 --- [           main] c.a.c.n.c.NacosPropertySourceBuilder     : Ignore the empty nacos configuration and get it based on dataId[flash-chat-web-auth] & group[DEFAULT_GROUP]
[flash-chat-web-auth,dev] 2026-06-28 14:04:29.491  WARN 30064 --- [           main] c.a.c.n.c.NacosPropertySourceBuilder     : Ignore the empty nacos configuration and get it based on dataId[flash-chat-web-auth.yaml] & group[DEFAULT_GROUP]
[flash-chat-web-auth,dev] 2026-06-28 14:05:13.654  WARN 34272 --- [           main] c.a.c.n.c.NacosPropertySourceBuilder     : Ignore the empty nacos configuration and get it based on dataId[flash-chat-web-auth] & group[DEFAULT_GROUP]
[flash-chat-web-auth,dev] 2026-06-28 14:05:13.660  WARN 34272 --- [           main] c.a.c.n.c.NacosPropertySourceBuilder     : Ignore the empty nacos configuration and get it based on dataId[flash-chat-web-auth.yaml] & group[DEFAULT_GROUP]
[flash-chat-web-auth,dev] 2026-06-28 14:05:17.101  WARN 34272 --- [           main] ConfigServletWebServerApplicationContext : Exception encountered during context initialization - cancelling refresh attempt: org.springframework.context.ApplicationContextException: Failed to start bean 'webServerStartStop'
[flash-chat-web-auth,dev] 2026-06-28 14:05:18.120  WARN 34272 --- [       Thread-1] c.a.n.c.h.HttpClientBeanHolder           : [HttpClientBeanHolder] Start destroying common HttpClient
[flash-chat-web-auth,dev] 2026-06-28 14:05:18.120  WARN 34272 --- [       Thread-3] c.a.n.c.n.NotifyCenter                   : [NotifyCenter] Start destroying Publisher
[flash-chat-web-auth,dev] 2026-06-28 14:05:18.120  WARN 34272 --- [       Thread-3] c.a.n.c.n.NotifyCenter                   : [NotifyCenter] Destruction of the end
[flash-chat-web-auth,dev] 2026-06-28 14:05:18.122  WARN 34272 --- [       Thread-1] c.a.n.c.h.HttpClientBeanHolder           : [HttpClientBeanHolder] Destruction of the end
[flash-chat-web-auth,dev] 2026-06-28 14:05:34.672  WARN 27976 --- [           main] c.a.c.n.c.NacosPropertySourceBuilder     : Ignore the empty nacos configuration and get it based on dataId[flash-chat-web-auth] & group[DEFAULT_GROUP]
[flash-chat-web-auth,dev] 2026-06-28 14:05:34.677  WARN 27976 --- [           main] c.a.c.n.c.NacosPropertySourceBuilder     : Ignore the empty nacos configuration and get it based on dataId[flash-chat-web-auth.yaml] & group[DEFAULT_GROUP]
[flash-chat-web-auth,dev] 2026-06-28 14:06:18.162  WARN 36684 --- [           main] c.a.c.n.c.NacosPropertySourceBuilder     : Ignore the empty nacos configuration and get it based on dataId[flash-chat-web-auth] & group[DEFAULT_GROUP]
[flash-chat-web-auth,dev] 2026-06-28 14:06:18.170  WARN 36684 --- [           main] c.a.c.n.c.NacosPropertySourceBuilder     : Ignore the empty nacos configuration and get it based on dataId[flash-chat-web-auth.yaml] & group[DEFAULT_GROUP]
[flash-chat-web-auth,dev] 2026-06-28 14:06:21.643  WARN 36684 --- [           main] ConfigServletWebServerApplicationContext : Exception encountered during context initialization - cancelling refresh attempt: org.springframework.context.ApplicationContextException: Failed to start bean 'webServerStartStop'
[flash-chat-web-auth,dev] 2026-06-28 14:06:22.656  WARN 36684 --- [       Thread-1] c.a.n.c.h.HttpClientBeanHolder           : [HttpClientBeanHolder] Start destroying common HttpClient
[flash-chat-web-auth,dev] 2026-06-28 14:06:22.656  WARN 36684 --- [       Thread-3] c.a.n.c.n.NotifyCenter                   : [NotifyCenter] Start destroying Publisher
[flash-chat-web-auth,dev] 2026-06-28 14:06:22.656  WARN 36684 --- [       Thread-3] c.a.n.c.n.NotifyCenter                   : [NotifyCenter] Destruction of the end
[flash-chat-web-auth,dev] 2026-06-28 14:06:22.657  WARN 36684 --- [       Thread-1] c.a.n.c.h.HttpClientBeanHolder           : [HttpClientBeanHolder] Destruction of the end
[flash-chat-web-auth,dev] 2026-06-28 14:06:54.617  WARN 26408 --- [           main] c.a.c.n.c.NacosPropertySourceBuilder     : Ignore the empty nacos configuration and get it based on dataId[flash-chat-web-auth] & group[DEFAULT_GROUP]
[flash-chat-web-auth,dev] 2026-06-28 14:06:54.623  WARN 26408 --- [           main] c.a.c.n.c.NacosPropertySourceBuilder     : Ignore the empty nacos configuration and get it based on dataId[flash-chat-web-auth.yaml] & group[DEFAULT_GROUP]
[flash-chat-web-auth,dev] 2026-06-28 14:07:44.303  WARN 30304 --- [           main] c.a.c.n.c.NacosPropertySourceBuilder     : Ignore the empty nacos configuration and get it based on dataId[flash-chat-web-auth] & group[DEFAULT_GROUP]
[flash-chat-web-auth,dev] 2026-06-28 14:07:44.311  WARN 30304 --- [           main] c.a.c.n.c.NacosPropertySourceBuilder     : Ignore the empty nacos configuration and get it based on dataId[flash-chat-web-auth.yaml] & group[DEFAULT_GROUP]
[flash-chat-web-auth,dev] 2026-06-28 14:48:10.901  WARN 30040 --- [           main] c.a.c.n.c.NacosPropertySourceBuilder     : Ignore the empty nacos configuration and get it based on dataId[flash-chat-web-auth] & group[DEFAULT_GROUP]
[flash-chat-web-auth,dev] 2026-06-28 14:48:10.908  WARN 30040 --- [           main] c.a.c.n.c.NacosPropertySourceBuilder     : Ignore the empty nacos configuration and get it based on dataId[flash-chat-web-auth.yaml] & group[DEFAULT_GROUP]
