Standard Commons Logging discovery in action with spring-jcl: please remove commons-logging.jar from classpath in order to avoid potential conflicts
2026-06-28T15:11:08.309+08:00  INFO 23804 --- [           main] c.a.c.n.c.NacosConfigDataLoader          : [Nacos Config] Load config[dataId=flash-chat-web-auth-dev.yaml, group=DEFAULT_GROUP] success

  .   ____          _            __ _ _
 /\\ / ___'_ __ _ _(_)_ __  __ _ \ \ \ \
( ( )\___ | '_ | '_| | '_ \/ _` | \ \ \ \
 \\/  ___)| |_)| | | | | || (_| |  ) ) ) )
  '  |____| .__|_| |_|_| |_\__, | / / / /
 =========|_|==============|___/=/_/_/_/
 :: Spring Boot ::                (v3.2.4)

2026-06-28T15:11:09.550+08:00  WARN 23804 --- [flash-chat-web-auth] [           main] c.a.c.n.c.NacosPropertySourceBuilder     : Ignore the empty nacos configuration and get it based on dataId[flash-chat-web-auth] & group[DEFAULT_GROUP]
2026-06-28T15:11:09.561+08:00  WARN 23804 --- [flash-chat-web-auth] [           main] c.a.c.n.c.NacosPropertySourceBuilder     : Ignore the empty nacos configuration and get it based on dataId[flash-chat-web-auth.yaml] & group[DEFAULT_GROUP]
2026-06-28T15:11:09.578+08:00  INFO 23804 --- [flash-chat-web-auth] [           main] b.c.PropertySourceBootstrapConfiguration : Located property source: [BootstrapPropertySource {name='bootstrapProperties-flash-chat-web-auth-dev.yaml,DEFAULT_GROUP'}, BootstrapPropertySource {name='bootstrapProperties-flash-chat-web-auth.yaml,DEFAULT_GROUP'}, BootstrapPropertySource {name='bootstrapProperties-flash-chat-web-auth,DEFAULT_GROUP'}]
2026-06-28T15:11:09.587+08:00  INFO 23804 --- [flash-chat-web-auth] [           main] io.github.zh.auth.AuthApplication        : The following 1 profile is active: "dev"
2026-06-28T15:11:09.599+08:00  INFO 23804 --- [flash-chat-web-auth] [           main] c.a.c.n.c.NacosConfigDataLoader          : [Nacos Config] Load config[dataId=flash-chat-web-auth-dev.yaml, group=DEFAULT_GROUP] success
2026-06-28T15:11:09.920+08:00  INFO 23804 --- [flash-chat-web-auth] [           main] .s.d.r.c.RepositoryConfigurationDelegate : Multiple Spring Data modules found, entering strict repository configuration mode
2026-06-28T15:11:09.921+08:00  INFO 23804 --- [flash-chat-web-auth] [           main] .s.d.r.c.RepositoryConfigurationDelegate : Bootstrapping Spring Data Redis repositories in DEFAULT mode.
2026-06-28T15:11:09.931+08:00  INFO 23804 --- [flash-chat-web-auth] [           main] .s.d.r.c.RepositoryConfigurationDelegate : Finished Spring Data repository scanning in 2 ms. Found 0 Redis repository interfaces.
2026-06-28T15:11:09.989+08:00  WARN 23804 --- [flash-chat-web-auth] [           main] o.m.s.mapper.ClassPathMapperScanner      : No MyBatis mapper was found in '[io.github.zh.auth]' package. Please check your configuration.
2026-06-28T15:11:10.019+08:00  INFO 23804 --- [flash-chat-web-auth] [           main] o.s.cloud.context.scope.GenericScope     : BeanFactory id=cf680290-7c09-3d68-a1b1-e2dd9d06650e
2026-06-28T15:11:10.392+08:00  INFO 23804 --- [flash-chat-web-auth] [           main] o.s.b.w.embedded.tomcat.TomcatWebServer  : Tomcat initialized with port 8890 (http)
2026-06-28T15:11:10.394+08:00  INFO 23804 --- [flash-chat-web-auth] [           main] o.a.catalina.core.AprLifecycleListener   : An older version [1.2.35] of the Apache Tomcat Native library is installed, while Tomcat recommends a minimum version of [2.0.5]
2026-06-28T15:11:10.394+08:00  INFO 23804 --- [flash-chat-web-auth] [           main] o.a.catalina.core.AprLifecycleListener   : Loaded Apache Tomcat Native library [1.2.35] using APR version [1.7.0].
2026-06-28T15:11:10.396+08:00  INFO 23804 --- [flash-chat-web-auth] [           main] o.a.catalina.core.AprLifecycleListener   : OpenSSL successfully initialized [OpenSSL 1.1.1q  5 Jul 2022]
2026-06-28T15:11:10.401+08:00  INFO 23804 --- [flash-chat-web-auth] [           main] o.apache.catalina.core.StandardService   : Starting service [Tomcat]
2026-06-28T15:11:10.401+08:00  INFO 23804 --- [flash-chat-web-auth] [           main] o.apache.catalina.core.StandardEngine    : Starting Servlet engine: [Apache Tomcat/10.1.19]
2026-06-28T15:11:10.436+08:00  INFO 23804 --- [flash-chat-web-auth] [           main] o.a.c.c.C.[Tomcat].[localhost].[/]       : Initializing Spring embedded WebApplicationContext
2026-06-28T15:11:10.437+08:00  INFO 23804 --- [flash-chat-web-auth] [           main] w.s.c.ServletWebServerApplicationContext : Root WebApplicationContext: initialization completed in 837 ms
Standard Commons Logging discovery in action with spring-jcl: please remove commons-logging.jar from classpath in order to avoid potential conflicts
2026-06-28T15:11:11.847+08:00  INFO 23804 --- [flash-chat-web-auth] [           main] o.s.cloud.commons.util.InetUtils         : Cannot determine local hostname
 _ _   |_  _ _|_. ___ _ |    _ 
| | |\/|_)(_| | |_\  |_)||_|_\ 
     /               |         
                        3.5.5 
2026-06-28T15:11:13.079+08:00  INFO 23804 --- [flash-chat-web-auth] [           main] o.s.cloud.commons.util.InetUtils         : Cannot determine local hostname
2026-06-28T15:11:13.101+08:00  INFO 23804 --- [flash-chat-web-auth] [           main] o.s.b.w.embedded.tomcat.TomcatWebServer  : Tomcat started on port 8890 (http) with context path ''
2026-06-28T15:11:13.103+08:00  INFO 23804 --- [flash-chat-web-auth] [           main] com.alibaba.nacos.client.naming          : initializer namespace from ans.namespace attribute : null
2026-06-28T15:11:13.104+08:00  INFO 23804 --- [flash-chat-web-auth] [           main] com.alibaba.nacos.client.naming          : initializer namespace from ALIBABA_ALIWARE_NAMESPACE attribute :null
2026-06-28T15:11:13.104+08:00  INFO 23804 --- [flash-chat-web-auth] [           main] com.alibaba.nacos.client.naming          : initializer namespace from namespace attribute :null
2026-06-28T15:11:13.108+08:00  INFO 23804 --- [flash-chat-web-auth] [           main] com.alibaba.nacos.client.naming          : FailoverDataSource type is class com.alibaba.nacos.client.naming.backups.datasource.DiskFailoverDataSource
2026-06-28T15:11:13.111+08:00  INFO 23804 --- [flash-chat-web-auth] [           main] c.a.n.p.a.s.c.ClientAuthPluginManager    : [ClientAuthPluginManager] Load ClientAuthService com.alibaba.nacos.client.auth.impl.NacosClientAuthServiceImpl success.
2026-06-28T15:11:13.111+08:00  INFO 23804 --- [flash-chat-web-auth] [           main] c.a.n.p.a.s.c.ClientAuthPluginManager    : [ClientAuthPluginManager] Load ClientAuthService com.alibaba.nacos.client.auth.ram.RamClientAuthServiceImpl success.
2026-06-28T15:11:13.113+08:00  INFO 23804 --- [flash-chat-web-auth] [           main] com.alibaba.nacos.common.remote.client   : [RpcClientFactory] create a new rpc client of 7067753c-6ff8-4317-b9a1-af707c969c44
2026-06-28T15:11:13.114+08:00  INFO 23804 --- [flash-chat-web-auth] [           main] com.alibaba.nacos.client.naming          : Create naming rpc client for uuid->7067753c-6ff8-4317-b9a1-af707c969c44
2026-06-28T15:11:13.115+08:00  INFO 23804 --- [flash-chat-web-auth] [           main] com.alibaba.nacos.common.remote.client   : [7067753c-6ff8-4317-b9a1-af707c969c44] RpcClient init, ServerListFactory = com.alibaba.nacos.client.naming.core.ServerListManager
2026-06-28T15:11:13.115+08:00  INFO 23804 --- [flash-chat-web-auth] [           main] com.alibaba.nacos.common.remote.client   : [7067753c-6ff8-4317-b9a1-af707c969c44] Registry connection listener to current client:com.alibaba.nacos.client.naming.remote.gprc.redo.NamingGrpcRedoService
2026-06-28T15:11:13.115+08:00  INFO 23804 --- [flash-chat-web-auth] [           main] com.alibaba.nacos.common.remote.client   : [7067753c-6ff8-4317-b9a1-af707c969c44] Register server push request handler:com.alibaba.nacos.client.naming.remote.gprc.NamingPushRequestHandler
2026-06-28T15:11:13.116+08:00  INFO 23804 --- [flash-chat-web-auth] [           main] com.alibaba.nacos.common.remote.client   : [7067753c-6ff8-4317-b9a1-af707c969c44] Try to connect to server on start up, server: {serverIp = '127.0.0.1', server main port = 8848}
2026-06-28T15:11:13.116+08:00  INFO 23804 --- [flash-chat-web-auth] [           main] c.a.n.c.remote.client.grpc.GrpcClient    : grpc client connection server:127.0.0.1 ip,serverPort:9848,grpcTslConfig:{"sslProvider":"","enableTls":false,"mutualAuthEnable":false,"trustAll":false}
2026-06-28T15:11:13.129+08:00  INFO 23804 --- [flash-chat-web-auth] [           main] com.alibaba.nacos.common.remote.client   : [7067753c-6ff8-4317-b9a1-af707c969c44] Success to connect to server [127.0.0.1:8848] on start up, connectionId = 1782630673120_172.17.0.1_58886
2026-06-28T15:11:13.129+08:00  INFO 23804 --- [flash-chat-web-auth] [remote.worker.0] com.alibaba.nacos.common.remote.client   : [7067753c-6ff8-4317-b9a1-af707c969c44] Notify connected event to listeners.
2026-06-28T15:11:13.129+08:00  INFO 23804 --- [flash-chat-web-auth] [           main] com.alibaba.nacos.common.remote.client   : [7067753c-6ff8-4317-b9a1-af707c969c44] Register server push request handler:com.alibaba.nacos.common.remote.client.RpcClient$ConnectResetRequestHandler
2026-06-28T15:11:13.129+08:00  INFO 23804 --- [flash-chat-web-auth] [remote.worker.0] com.alibaba.nacos.client.naming          : Grpc connection connect
2026-06-28T15:11:13.130+08:00  INFO 23804 --- [flash-chat-web-auth] [           main] com.alibaba.nacos.common.remote.client   : [7067753c-6ff8-4317-b9a1-af707c969c44] Register server push request handler:com.alibaba.nacos.common.remote.client.RpcClient$$Lambda/0x000001fc21352d30
2026-06-28T15:11:13.130+08:00  INFO 23804 --- [flash-chat-web-auth] [           main] com.alibaba.nacos.client.naming          : [REGISTER-SERVICE] public registering service flash-chat-web-auth with instance Instance{instanceId='null', ip='192.168.10.1', port=8890, weight=1.0, healthy=true, enabled=true, ephemeral=true, clusterName='DEFAULT', serviceName='null', metadata={IPv6=null, preserved.register.source=SPRING_CLOUD}}
2026-06-28T15:11:13.139+08:00  INFO 23804 --- [flash-chat-web-auth] [           main] c.a.c.n.registry.NacosServiceRegistry    : nacos registry, DEFAULT_GROUP flash-chat-web-auth 192.168.10.1:8890 register finished
2026-06-28T15:11:14.149+08:00  INFO 23804 --- [flash-chat-web-auth] [           main] o.s.cloud.commons.util.InetUtils         : Cannot determine local hostname
2026-06-28T15:11:14.156+08:00  INFO 23804 --- [flash-chat-web-auth] [           main] io.github.zh.auth.AuthApplication        : Started AuthApplication in 7.979 seconds (process running for 8.354)
2026-06-28T15:11:14.158+08:00  INFO 23804 --- [flash-chat-web-auth] [           main] c.a.nacos.client.config.impl.CacheData   : config listener notify warn timeout millis use default 60000 millis 
2026-06-28T15:11:14.159+08:00  INFO 23804 --- [flash-chat-web-auth] [           main] c.a.nacos.client.config.impl.CacheData   : nacos.cache.data.init.snapshot = true 
2026-06-28T15:11:14.159+08:00  INFO 23804 --- [flash-chat-web-auth] [           main] c.a.n.client.config.impl.ClientWorker    : [fixed-127.0.0.1_8848] [subscribe] flash-chat-web-auth+DEFAULT_GROUP
2026-06-28T15:11:14.163+08:00  INFO 23804 --- [flash-chat-web-auth] [           main] c.a.nacos.client.config.impl.CacheData   : [fixed-127.0.0.1_8848] [add-listener] ok, tenant=, dataId=flash-chat-web-auth, group=DEFAULT_GROUP, cnt=1
2026-06-28T15:11:14.164+08:00  INFO 23804 --- [flash-chat-web-auth] [           main] c.a.c.n.refresh.NacosContextRefresher    : [Nacos Config] Listening config: dataId=flash-chat-web-auth, group=DEFAULT_GROUP
2026-06-28T15:11:14.166+08:00  INFO 23804 --- [flash-chat-web-auth] [           main] c.a.n.client.config.impl.ClientWorker    : [fixed-127.0.0.1_8848] [subscribe] flash-chat-web-auth-dev.yaml+DEFAULT_GROUP
2026-06-28T15:11:14.166+08:00  INFO 23804 --- [flash-chat-web-auth] [           main] c.a.nacos.client.config.impl.CacheData   : [fixed-127.0.0.1_8848] [add-listener] ok, tenant=, dataId=flash-chat-web-auth-dev.yaml, group=DEFAULT_GROUP, cnt=1
2026-06-28T15:11:14.167+08:00  INFO 23804 --- [flash-chat-web-auth] [           main] c.a.c.n.refresh.NacosContextRefresher    : [Nacos Config] Listening config: dataId=flash-chat-web-auth-dev.yaml, group=DEFAULT_GROUP
2026-06-28T15:11:14.167+08:00  INFO 23804 --- [flash-chat-web-auth] [           main] c.a.n.client.config.impl.ClientWorker    : [fixed-127.0.0.1_8848] [subscribe] flash-chat-web-auth.yaml+DEFAULT_GROUP
2026-06-28T15:11:14.168+08:00  INFO 23804 --- [flash-chat-web-auth] [           main] c.a.nacos.client.config.impl.CacheData   : [fixed-127.0.0.1_8848] [add-listener] ok, tenant=, dataId=flash-chat-web-auth.yaml, group=DEFAULT_GROUP, cnt=1
2026-06-28T15:11:14.168+08:00  INFO 23804 --- [flash-chat-web-auth] [           main] c.a.c.n.refresh.NacosContextRefresher    : [Nacos Config] Listening config: dataId=flash-chat-web-auth.yaml, group=DEFAULT_GROUP
[ERROR] Failed to execute goal org.springframework.boot:spring-boot-maven-plugin:3.2.4:run (default-cli) on project flash-chat-web-auth: Process terminated with exit code: -1 -> [Help 1]
[ERROR] 
