2026-06-28T15:11:08.207+08:00  INFO 25744 --- [           main] c.a.c.n.c.NacosConfigDataLoader          : [Nacos Config] Load config[dataId=flash-chat-web-file-dev.yaml, group=DEFAULT_GROUP] success

  .   ____          _            __ _ _
 /\\ / ___'_ __ _ _(_)_ __  __ _ \ \ \ \
( ( )\___ | '_ | '_| | '_ \/ _` | \ \ \ \
 \\/  ___)| |_)| | | | | || (_| |  ) ) ) )
  '  |____| .__|_| |_|_| |_\__, | / / / /
 =========|_|==============|___/=/_/_/_/
 :: Spring Boot ::                (v3.2.4)

2026-06-28T15:11:09.446+08:00  WARN 25744 --- [flash-chat-web-file] [           main] c.a.c.n.c.NacosPropertySourceBuilder     : Ignore the empty nacos configuration and get it based on dataId[flash-chat-web-file] & group[DEFAULT_GROUP]
2026-06-28T15:11:09.452+08:00  WARN 25744 --- [flash-chat-web-file] [           main] c.a.c.n.c.NacosPropertySourceBuilder     : Ignore the empty nacos configuration and get it based on dataId[flash-chat-web-file.yaml] & group[DEFAULT_GROUP]
2026-06-28T15:11:09.467+08:00  INFO 25744 --- [flash-chat-web-file] [           main] b.c.PropertySourceBootstrapConfiguration : Located property source: [BootstrapPropertySource {name='bootstrapProperties-flash-chat-web-file-dev.yaml,DEFAULT_GROUP'}, BootstrapPropertySource {name='bootstrapProperties-flash-chat-web-file.yaml,DEFAULT_GROUP'}, BootstrapPropertySource {name='bootstrapProperties-flash-chat-web-file,DEFAULT_GROUP'}]
2026-06-28T15:11:09.475+08:00  INFO 25744 --- [flash-chat-web-file] [           main] io.github.zh.file.FileApplication        : The following 1 profile is active: "dev"
2026-06-28T15:11:09.483+08:00  INFO 25744 --- [flash-chat-web-file] [           main] c.a.c.n.c.NacosConfigDataLoader          : [Nacos Config] Load config[dataId=flash-chat-web-file-dev.yaml, group=DEFAULT_GROUP] success
2026-06-28T15:11:09.806+08:00  INFO 25744 --- [flash-chat-web-file] [           main] .s.d.r.c.RepositoryConfigurationDelegate : Multiple Spring Data modules found, entering strict repository configuration mode
2026-06-28T15:11:09.809+08:00  INFO 25744 --- [flash-chat-web-file] [           main] .s.d.r.c.RepositoryConfigurationDelegate : Bootstrapping Spring Data Redis repositories in DEFAULT mode.
2026-06-28T15:11:09.821+08:00  INFO 25744 --- [flash-chat-web-file] [           main] .s.d.r.c.RepositoryConfigurationDelegate : Finished Spring Data repository scanning in 3 ms. Found 0 Redis repository interfaces.
2026-06-28T15:11:09.900+08:00  INFO 25744 --- [flash-chat-web-file] [           main] o.s.cloud.context.scope.GenericScope     : BeanFactory id=e48580a2-cd07-362a-8c62-571de526779d
2026-06-28T15:11:10.090+08:00  INFO 25744 --- [flash-chat-web-file] [           main] o.s.b.w.embedded.tomcat.TomcatWebServer  : Tomcat initialized with port 8891 (http)
2026-06-28T15:11:10.093+08:00  INFO 25744 --- [flash-chat-web-file] [           main] o.a.catalina.core.AprLifecycleListener   : An older version [1.2.35] of the Apache Tomcat Native library is installed, while Tomcat recommends a minimum version of [2.0.5]
2026-06-28T15:11:10.094+08:00  INFO 25744 --- [flash-chat-web-file] [           main] o.a.catalina.core.AprLifecycleListener   : Loaded Apache Tomcat Native library [1.2.35] using APR version [1.7.0].
2026-06-28T15:11:10.096+08:00  INFO 25744 --- [flash-chat-web-file] [           main] o.a.catalina.core.AprLifecycleListener   : OpenSSL successfully initialized [OpenSSL 1.1.1q  5 Jul 2022]
2026-06-28T15:11:10.102+08:00  INFO 25744 --- [flash-chat-web-file] [           main] o.apache.catalina.core.StandardService   : Starting service [Tomcat]
2026-06-28T15:11:10.103+08:00  INFO 25744 --- [flash-chat-web-file] [           main] o.apache.catalina.core.StandardEngine    : Starting Servlet engine: [Apache Tomcat/10.1.19]
2026-06-28T15:11:10.136+08:00  INFO 25744 --- [flash-chat-web-file] [           main] o.a.c.c.C.[Tomcat].[localhost].[/]       : Initializing Spring embedded WebApplicationContext
2026-06-28T15:11:10.137+08:00  INFO 25744 --- [flash-chat-web-file] [           main] w.s.c.ServletWebServerApplicationContext : Root WebApplicationContext: initialization completed in 653 ms
2026-06-28T15:11:11.390+08:00  INFO 25744 --- [flash-chat-web-file] [           main] o.s.cloud.commons.util.InetUtils         : Cannot determine local hostname
2026-06-28T15:11:12.611+08:00  INFO 25744 --- [flash-chat-web-file] [           main] o.s.cloud.commons.util.InetUtils         : Cannot determine local hostname
2026-06-28T15:11:12.633+08:00  INFO 25744 --- [flash-chat-web-file] [           main] o.s.b.w.embedded.tomcat.TomcatWebServer  : Tomcat started on port 8891 (http) with context path ''
2026-06-28T15:11:12.636+08:00  INFO 25744 --- [flash-chat-web-file] [           main] com.alibaba.nacos.client.naming          : initializer namespace from ans.namespace attribute : null
2026-06-28T15:11:12.636+08:00  INFO 25744 --- [flash-chat-web-file] [           main] com.alibaba.nacos.client.naming          : initializer namespace from ALIBABA_ALIWARE_NAMESPACE attribute :null
2026-06-28T15:11:12.637+08:00  INFO 25744 --- [flash-chat-web-file] [           main] com.alibaba.nacos.client.naming          : initializer namespace from namespace attribute :null
2026-06-28T15:11:12.641+08:00  INFO 25744 --- [flash-chat-web-file] [           main] com.alibaba.nacos.client.naming          : FailoverDataSource type is class com.alibaba.nacos.client.naming.backups.datasource.DiskFailoverDataSource
2026-06-28T15:11:12.643+08:00  INFO 25744 --- [flash-chat-web-file] [           main] c.a.n.p.a.s.c.ClientAuthPluginManager    : [ClientAuthPluginManager] Load ClientAuthService com.alibaba.nacos.client.auth.impl.NacosClientAuthServiceImpl success.
2026-06-28T15:11:12.644+08:00  INFO 25744 --- [flash-chat-web-file] [           main] c.a.n.p.a.s.c.ClientAuthPluginManager    : [ClientAuthPluginManager] Load ClientAuthService com.alibaba.nacos.client.auth.ram.RamClientAuthServiceImpl success.
2026-06-28T15:11:12.646+08:00  INFO 25744 --- [flash-chat-web-file] [           main] com.alibaba.nacos.common.remote.client   : [RpcClientFactory] create a new rpc client of 5ea51b1d-f7f6-4dcf-97f4-e3f5c0013ada
2026-06-28T15:11:12.647+08:00  INFO 25744 --- [flash-chat-web-file] [           main] com.alibaba.nacos.client.naming          : Create naming rpc client for uuid->5ea51b1d-f7f6-4dcf-97f4-e3f5c0013ada
2026-06-28T15:11:12.648+08:00  INFO 25744 --- [flash-chat-web-file] [           main] com.alibaba.nacos.common.remote.client   : [5ea51b1d-f7f6-4dcf-97f4-e3f5c0013ada] RpcClient init, ServerListFactory = com.alibaba.nacos.client.naming.core.ServerListManager
2026-06-28T15:11:12.648+08:00  INFO 25744 --- [flash-chat-web-file] [           main] com.alibaba.nacos.common.remote.client   : [5ea51b1d-f7f6-4dcf-97f4-e3f5c0013ada] Registry connection listener to current client:com.alibaba.nacos.client.naming.remote.gprc.redo.NamingGrpcRedoService
2026-06-28T15:11:12.648+08:00  INFO 25744 --- [flash-chat-web-file] [           main] com.alibaba.nacos.common.remote.client   : [5ea51b1d-f7f6-4dcf-97f4-e3f5c0013ada] Register server push request handler:com.alibaba.nacos.client.naming.remote.gprc.NamingPushRequestHandler
2026-06-28T15:11:12.648+08:00  INFO 25744 --- [flash-chat-web-file] [           main] com.alibaba.nacos.common.remote.client   : [5ea51b1d-f7f6-4dcf-97f4-e3f5c0013ada] Try to connect to server on start up, server: {serverIp = '127.0.0.1', server main port = 8848}
2026-06-28T15:11:12.648+08:00  INFO 25744 --- [flash-chat-web-file] [           main] c.a.n.c.remote.client.grpc.GrpcClient    : grpc client connection server:127.0.0.1 ip,serverPort:9848,grpcTslConfig:{"sslProvider":"","enableTls":false,"mutualAuthEnable":false,"trustAll":false}
2026-06-28T15:11:12.665+08:00  INFO 25744 --- [flash-chat-web-file] [           main] com.alibaba.nacos.common.remote.client   : [5ea51b1d-f7f6-4dcf-97f4-e3f5c0013ada] Success to connect to server [127.0.0.1:8848] on start up, connectionId = 1782630672657_172.17.0.1_58880
2026-06-28T15:11:12.665+08:00  INFO 25744 --- [flash-chat-web-file] [           main] com.alibaba.nacos.common.remote.client   : [5ea51b1d-f7f6-4dcf-97f4-e3f5c0013ada] Register server push request handler:com.alibaba.nacos.common.remote.client.RpcClient$ConnectResetRequestHandler
2026-06-28T15:11:12.665+08:00  INFO 25744 --- [flash-chat-web-file] [remote.worker.0] com.alibaba.nacos.common.remote.client   : [5ea51b1d-f7f6-4dcf-97f4-e3f5c0013ada] Notify connected event to listeners.
2026-06-28T15:11:12.665+08:00  INFO 25744 --- [flash-chat-web-file] [           main] com.alibaba.nacos.common.remote.client   : [5ea51b1d-f7f6-4dcf-97f4-e3f5c0013ada] Register server push request handler:com.alibaba.nacos.common.remote.client.RpcClient$$Lambda/0x000002465333a820
2026-06-28T15:11:12.665+08:00  INFO 25744 --- [flash-chat-web-file] [remote.worker.0] com.alibaba.nacos.client.naming          : Grpc connection connect
2026-06-28T15:11:12.666+08:00  INFO 25744 --- [flash-chat-web-file] [           main] com.alibaba.nacos.client.naming          : [REGISTER-SERVICE] public registering service flash-chat-web-file with instance Instance{instanceId='null', ip='192.168.10.1', port=8891, weight=1.0, healthy=true, enabled=true, ephemeral=true, clusterName='DEFAULT', serviceName='null', metadata={IPv6=null, preserved.register.source=SPRING_CLOUD}}
2026-06-28T15:11:12.679+08:00  INFO 25744 --- [flash-chat-web-file] [           main] c.a.c.n.registry.NacosServiceRegistry    : nacos registry, DEFAULT_GROUP flash-chat-web-file 192.168.10.1:8891 register finished
2026-06-28T15:11:13.699+08:00  INFO 25744 --- [flash-chat-web-file] [           main] o.s.cloud.commons.util.InetUtils         : Cannot determine local hostname
2026-06-28T15:11:13.706+08:00  INFO 25744 --- [flash-chat-web-file] [           main] io.github.zh.file.FileApplication        : Started FileApplication in 7.583 seconds (process running for 7.973)
2026-06-28T15:11:13.708+08:00  INFO 25744 --- [flash-chat-web-file] [           main] c.a.nacos.client.config.impl.CacheData   : config listener notify warn timeout millis use default 60000 millis 
2026-06-28T15:11:13.709+08:00  INFO 25744 --- [flash-chat-web-file] [           main] c.a.nacos.client.config.impl.CacheData   : nacos.cache.data.init.snapshot = true 
2026-06-28T15:11:13.709+08:00  INFO 25744 --- [flash-chat-web-file] [           main] c.a.n.client.config.impl.ClientWorker    : [fixed-127.0.0.1_8848] [subscribe] flash-chat-web-file.yaml+DEFAULT_GROUP
2026-06-28T15:11:13.713+08:00  INFO 25744 --- [flash-chat-web-file] [           main] c.a.nacos.client.config.impl.CacheData   : [fixed-127.0.0.1_8848] [add-listener] ok, tenant=, dataId=flash-chat-web-file.yaml, group=DEFAULT_GROUP, cnt=1
2026-06-28T15:11:13.714+08:00  INFO 25744 --- [flash-chat-web-file] [           main] c.a.c.n.refresh.NacosContextRefresher    : [Nacos Config] Listening config: dataId=flash-chat-web-file.yaml, group=DEFAULT_GROUP
2026-06-28T15:11:13.715+08:00  INFO 25744 --- [flash-chat-web-file] [           main] c.a.n.client.config.impl.ClientWorker    : [fixed-127.0.0.1_8848] [subscribe] flash-chat-web-file+DEFAULT_GROUP
2026-06-28T15:11:13.715+08:00  INFO 25744 --- [flash-chat-web-file] [           main] c.a.nacos.client.config.impl.CacheData   : [fixed-127.0.0.1_8848] [add-listener] ok, tenant=, dataId=flash-chat-web-file, group=DEFAULT_GROUP, cnt=1
2026-06-28T15:11:13.716+08:00  INFO 25744 --- [flash-chat-web-file] [           main] c.a.c.n.refresh.NacosContextRefresher    : [Nacos Config] Listening config: dataId=flash-chat-web-file, group=DEFAULT_GROUP
2026-06-28T15:11:13.718+08:00  INFO 25744 --- [flash-chat-web-file] [           main] c.a.n.client.config.impl.ClientWorker    : [fixed-127.0.0.1_8848] [subscribe] flash-chat-web-file-dev.yaml+DEFAULT_GROUP
2026-06-28T15:11:13.718+08:00  INFO 25744 --- [flash-chat-web-file] [           main] c.a.nacos.client.config.impl.CacheData   : [fixed-127.0.0.1_8848] [add-listener] ok, tenant=, dataId=flash-chat-web-file-dev.yaml, group=DEFAULT_GROUP, cnt=1
2026-06-28T15:11:13.719+08:00  INFO 25744 --- [flash-chat-web-file] [           main] c.a.c.n.refresh.NacosContextRefresher    : [Nacos Config] Listening config: dataId=flash-chat-web-file-dev.yaml, group=DEFAULT_GROUP
[ERROR] Failed to execute goal org.springframework.boot:spring-boot-maven-plugin:3.2.4:run (default-cli) on project flash-chat-web-file: Process terminated with exit code: -1 -> [Help 1]
[ERROR] 
[ERROR] To see the full stack trace of the errors, re-run Maven with the -e switch.
[ERROR] Re-run Maven using the -X switch to enable full debug logging.
[ERROR] 