2026-06-28T15:11:08.112+08:00  INFO 4348 --- [flash-chat-gateway] [           main] c.a.c.n.c.NacosConfigDataLoader          : [Nacos Config] Load config[dataId=flash-chat-gateway-dev.yaml, group=DEFAULT_GROUP] success

  .   ____          _            __ _ _
 /\\ / ___'_ __ _ _(_)_ __  __ _ \ \ \ \
( ( )\___ | '_ | '_| | '_ \/ _` | \ \ \ \
 \\/  ___)| |_)| | | | | || (_| |  ) ) ) )
  '  |____| .__|_| |_|_| |_\__, | / / / /
 =========|_|==============|___/=/_/_/_/
 :: Spring Boot ::                (v3.2.4)

2026-06-28T15:11:09.347+08:00  WARN 4348 --- [flash-chat-gateway] [           main] c.a.c.n.c.NacosPropertySourceBuilder     : Ignore the empty nacos configuration and get it based on dataId[flash-chat-gateway] & group[DEFAULT_GROUP]
2026-06-28T15:11:09.353+08:00  WARN 4348 --- [flash-chat-gateway] [           main] c.a.c.n.c.NacosPropertySourceBuilder     : Ignore the empty nacos configuration and get it based on dataId[flash-chat-gateway.yaml] & group[DEFAULT_GROUP]
2026-06-28T15:11:09.366+08:00  INFO 4348 --- [flash-chat-gateway] [           main] b.c.PropertySourceBootstrapConfiguration : Located property source: [BootstrapPropertySource {name='bootstrapProperties-flash-chat-gateway-dev.yaml,DEFAULT_GROUP'}, BootstrapPropertySource {name='bootstrapProperties-flash-chat-gateway.yaml,DEFAULT_GROUP'}, BootstrapPropertySource {name='bootstrapProperties-flash-chat-gateway,DEFAULT_GROUP'}]
2026-06-28T15:11:09.373+08:00  INFO 4348 --- [flash-chat-gateway] [           main] i.github.zh.gateway.GatewayApplication   : The following 1 profile is active: "dev"
2026-06-28T15:11:09.379+08:00  INFO 4348 --- [flash-chat-gateway] [           main] c.a.c.n.c.NacosConfigDataLoader          : [Nacos Config] Load config[dataId=flash-chat-gateway-dev.yaml, group=DEFAULT_GROUP] success
2026-06-28T15:11:09.735+08:00  INFO 4348 --- [flash-chat-gateway] [           main] .s.d.r.c.RepositoryConfigurationDelegate : Multiple Spring Data modules found, entering strict repository configuration mode
2026-06-28T15:11:09.738+08:00  INFO 4348 --- [flash-chat-gateway] [           main] .s.d.r.c.RepositoryConfigurationDelegate : Bootstrapping Spring Data Redis repositories in DEFAULT mode.
2026-06-28T15:11:09.753+08:00  INFO 4348 --- [flash-chat-gateway] [           main] .s.d.r.c.RepositoryConfigurationDelegate : Finished Spring Data repository scanning in 3 ms. Found 0 Redis repository interfaces.
2026-06-28T15:11:09.861+08:00  INFO 4348 --- [flash-chat-gateway] [           main] o.s.cloud.context.scope.GenericScope     : BeanFactory id=6247f983-a66e-3215-958e-ee14114f3888
2026-06-28T15:11:09.971+08:00  WARN 4348 --- [flash-chat-gateway] [           main] trationDelegate$BeanPostProcessorChecker : Bean 'org.springframework.cloud.client.loadbalancer.LoadBalancerAutoConfiguration$DeferringLoadBalancerInterceptorConfig' of type [org.springframework.cloud.client.loadbalancer.LoadBalancerAutoConfiguration$DeferringLoadBalancerInterceptorConfig] is not eligible for getting processed by all BeanPostProcessors (for example: not eligible for auto-proxying). The currently created BeanPostProcessor [lbRestClientPostProcessor] is declared through a non-static factory method on that class; consider declaring it as static instead.
2026-06-28T15:11:09.974+08:00  WARN 4348 --- [flash-chat-gateway] [           main] trationDelegate$BeanPostProcessorChecker : Bean 'deferringLoadBalancerInterceptor' of type [org.springframework.cloud.client.loadbalancer.DeferringLoadBalancerInterceptor] is not eligible for getting processed by all BeanPostProcessors (for example: not eligible for auto-proxying). Is this bean getting eagerly injected into a currently created BeanPostProcessor [lbRestClientPostProcessor]? Check the corresponding BeanPostProcessor declaration and its dependencies.
2026-06-28T15:11:09.976+08:00  WARN 4348 --- [flash-chat-gateway] [           main] trationDelegate$BeanPostProcessorChecker : Bean 'org.springframework.cloud.client.loadbalancer.reactive.LoadBalancerBeanPostProcessorAutoConfiguration' of type [org.springframework.cloud.client.loadbalancer.reactive.LoadBalancerBeanPostProcessorAutoConfiguration] is not eligible for getting processed by all BeanPostProcessors (for example: not eligible for auto-proxying). The currently created BeanPostProcessor [loadBalancerWebClientBuilderBeanPostProcessor] is declared through a non-static factory method on that class; consider declaring it as static instead.
2026-06-28T15:11:09.977+08:00  WARN 4348 --- [flash-chat-gateway] [           main] trationDelegate$BeanPostProcessorChecker : Bean 'org.springframework.cloud.client.loadbalancer.reactive.LoadBalancerBeanPostProcessorAutoConfiguration$ReactorDeferringLoadBalancerFilterConfig' of type [org.springframework.cloud.client.loadbalancer.reactive.LoadBalancerBeanPostProcessorAutoConfiguration$ReactorDeferringLoadBalancerFilterConfig] is not eligible for getting processed by all BeanPostProcessors (for example: not eligible for auto-proxying). Is this bean getting eagerly injected into a currently created BeanPostProcessor [loadBalancerWebClientBuilderBeanPostProcessor]? Check the corresponding BeanPostProcessor declaration and its dependencies.
2026-06-28T15:11:09.977+08:00  WARN 4348 --- [flash-chat-gateway] [           main] trationDelegate$BeanPostProcessorChecker : Bean 'reactorDeferringLoadBalancerExchangeFilterFunction' of type [org.springframework.cloud.client.loadbalancer.reactive.DeferringLoadBalancerExchangeFilterFunction] is not eligible for getting processed by all BeanPostProcessors (for example: not eligible for auto-proxying). Is this bean getting eagerly injected into a currently created BeanPostProcessor [loadBalancerWebClientBuilderBeanPostProcessor]? Check the corresponding BeanPostProcessor declaration and its dependencies.
2026-06-28T15:11:11.454+08:00  INFO 4348 --- [flash-chat-gateway] [           main] o.s.cloud.commons.util.InetUtils         : Cannot determine local hostname
2026-06-28T15:11:12.470+08:00  INFO 4348 --- [flash-chat-gateway] [           main] o.s.cloud.commons.util.InetUtils         : Cannot determine local hostname
2026-06-28T15:11:12.648+08:00  INFO 4348 --- [flash-chat-gateway] [           main] o.s.c.g.r.RouteDefinitionRouteLocator    : Loaded RoutePredicateFactory [After]
2026-06-28T15:11:12.648+08:00  INFO 4348 --- [flash-chat-gateway] [           main] o.s.c.g.r.RouteDefinitionRouteLocator    : Loaded RoutePredicateFactory [Before]
2026-06-28T15:11:12.650+08:00  INFO 4348 --- [flash-chat-gateway] [           main] o.s.c.g.r.RouteDefinitionRouteLocator    : Loaded RoutePredicateFactory [Between]
2026-06-28T15:11:12.650+08:00  INFO 4348 --- [flash-chat-gateway] [           main] o.s.c.g.r.RouteDefinitionRouteLocator    : Loaded RoutePredicateFactory [Cookie]
2026-06-28T15:11:12.650+08:00  INFO 4348 --- [flash-chat-gateway] [           main] o.s.c.g.r.RouteDefinitionRouteLocator    : Loaded RoutePredicateFactory [Header]
2026-06-28T15:11:12.650+08:00  INFO 4348 --- [flash-chat-gateway] [           main] o.s.c.g.r.RouteDefinitionRouteLocator    : Loaded RoutePredicateFactory [Host]
2026-06-28T15:11:12.650+08:00  INFO 4348 --- [flash-chat-gateway] [           main] o.s.c.g.r.RouteDefinitionRouteLocator    : Loaded RoutePredicateFactory [Method]
2026-06-28T15:11:12.650+08:00  INFO 4348 --- [flash-chat-gateway] [           main] o.s.c.g.r.RouteDefinitionRouteLocator    : Loaded RoutePredicateFactory [Path]
2026-06-28T15:11:12.650+08:00  INFO 4348 --- [flash-chat-gateway] [           main] o.s.c.g.r.RouteDefinitionRouteLocator    : Loaded RoutePredicateFactory [Query]
2026-06-28T15:11:12.651+08:00  INFO 4348 --- [flash-chat-gateway] [           main] o.s.c.g.r.RouteDefinitionRouteLocator    : Loaded RoutePredicateFactory [ReadBody]
2026-06-28T15:11:12.651+08:00  INFO 4348 --- [flash-chat-gateway] [           main] o.s.c.g.r.RouteDefinitionRouteLocator    : Loaded RoutePredicateFactory [RemoteAddr]
2026-06-28T15:11:12.651+08:00  INFO 4348 --- [flash-chat-gateway] [           main] o.s.c.g.r.RouteDefinitionRouteLocator    : Loaded RoutePredicateFactory [XForwardedRemoteAddr]
2026-06-28T15:11:12.651+08:00  INFO 4348 --- [flash-chat-gateway] [           main] o.s.c.g.r.RouteDefinitionRouteLocator    : Loaded RoutePredicateFactory [Weight]
2026-06-28T15:11:12.651+08:00  INFO 4348 --- [flash-chat-gateway] [           main] o.s.c.g.r.RouteDefinitionRouteLocator    : Loaded RoutePredicateFactory [CloudFoundryRouteService]
2026-06-28T15:11:13.745+08:00  INFO 4348 --- [flash-chat-gateway] [           main] o.s.cloud.commons.util.InetUtils         : Cannot determine local hostname
2026-06-28T15:11:13.842+08:00  WARN 4348 --- [flash-chat-gateway] [           main] iguration$LoadBalancerCaffeineWarnLogger : Spring Cloud LoadBalancer is currently working with the default cache. While this cache implementation is useful for development and tests, it's recommended to use Caffeine cache in production.You can switch to using Caffeine cache, by adding it and org.springframework.cache.caffeine.CaffeineCacheManager to the classpath.
2026-06-28T15:11:13.910+08:00  INFO 4348 --- [flash-chat-gateway] [           main] o.s.b.web.embedded.netty.NettyWebServer  : Netty started on port 1000
2026-06-28T15:11:14.918+08:00  INFO 4348 --- [flash-chat-gateway] [           main] o.s.cloud.commons.util.InetUtils         : Cannot determine local hostname
2026-06-28T15:11:15.926+08:00  INFO 4348 --- [flash-chat-gateway] [           main] o.s.cloud.commons.util.InetUtils         : Cannot determine local hostname
2026-06-28T15:11:15.934+08:00  INFO 4348 --- [flash-chat-gateway] [           main] com.alibaba.nacos.client.naming          : initializer namespace from ans.namespace attribute : null
2026-06-28T15:11:15.935+08:00  INFO 4348 --- [flash-chat-gateway] [           main] com.alibaba.nacos.client.naming          : initializer namespace from ALIBABA_ALIWARE_NAMESPACE attribute :null
2026-06-28T15:11:15.935+08:00  INFO 4348 --- [flash-chat-gateway] [           main] com.alibaba.nacos.client.naming          : initializer namespace from namespace attribute :null
2026-06-28T15:11:15.939+08:00  INFO 4348 --- [flash-chat-gateway] [           main] com.alibaba.nacos.client.naming          : FailoverDataSource type is class com.alibaba.nacos.client.naming.backups.datasource.DiskFailoverDataSource
2026-06-28T15:11:15.942+08:00  INFO 4348 --- [flash-chat-gateway] [           main] c.a.n.p.a.s.c.ClientAuthPluginManager    : [ClientAuthPluginManager] Load ClientAuthService com.alibaba.nacos.client.auth.impl.NacosClientAuthServiceImpl success.
2026-06-28T15:11:15.942+08:00  INFO 4348 --- [flash-chat-gateway] [           main] c.a.n.p.a.s.c.ClientAuthPluginManager    : [ClientAuthPluginManager] Load ClientAuthService com.alibaba.nacos.client.auth.ram.RamClientAuthServiceImpl success.
2026-06-28T15:11:15.945+08:00  INFO 4348 --- [flash-chat-gateway] [           main] com.alibaba.nacos.common.remote.client   : [RpcClientFactory] create a new rpc client of 59099fad-baff-421c-bcc4-ce3fa2c2df03
2026-06-28T15:11:15.947+08:00  INFO 4348 --- [flash-chat-gateway] [           main] com.alibaba.nacos.client.naming          : Create naming rpc client for uuid->59099fad-baff-421c-bcc4-ce3fa2c2df03
2026-06-28T15:11:15.947+08:00  INFO 4348 --- [flash-chat-gateway] [           main] com.alibaba.nacos.common.remote.client   : [59099fad-baff-421c-bcc4-ce3fa2c2df03] RpcClient init, ServerListFactory = com.alibaba.nacos.client.naming.core.ServerListManager
2026-06-28T15:11:15.947+08:00  INFO 4348 --- [flash-chat-gateway] [           main] com.alibaba.nacos.common.remote.client   : [59099fad-baff-421c-bcc4-ce3fa2c2df03] Registry connection listener to current client:com.alibaba.nacos.client.naming.remote.gprc.redo.NamingGrpcRedoService
2026-06-28T15:11:15.948+08:00  INFO 4348 --- [flash-chat-gateway] [           main] com.alibaba.nacos.common.remote.client   : [59099fad-baff-421c-bcc4-ce3fa2c2df03] Register server push request handler:com.alibaba.nacos.client.naming.remote.gprc.NamingPushRequestHandler
2026-06-28T15:11:15.949+08:00  INFO 4348 --- [flash-chat-gateway] [           main] com.alibaba.nacos.common.remote.client   : [59099fad-baff-421c-bcc4-ce3fa2c2df03] Try to connect to server on start up, server: {serverIp = '127.0.0.1', server main port = 8848}
2026-06-28T15:11:15.949+08:00  INFO 4348 --- [flash-chat-gateway] [           main] c.a.n.c.remote.client.grpc.GrpcClient    : grpc client connection server:127.0.0.1 ip,serverPort:9848,grpcTslConfig:{"sslProvider":"","enableTls":false,"mutualAuthEnable":false,"trustAll":false}
2026-06-28T15:11:15.968+08:00  INFO 4348 --- [flash-chat-gateway] [           main] com.alibaba.nacos.common.remote.client   : [59099fad-baff-421c-bcc4-ce3fa2c2df03] Success to connect to server [127.0.0.1:8848] on start up, connectionId = 1782630675959_172.17.0.1_58904
2026-06-28T15:11:15.968+08:00  INFO 4348 --- [flash-chat-gateway] [           main] com.alibaba.nacos.common.remote.client   : [59099fad-baff-421c-bcc4-ce3fa2c2df03] Register server push request handler:com.alibaba.nacos.common.remote.client.RpcClient$ConnectResetRequestHandler
2026-06-28T15:11:15.968+08:00  INFO 4348 --- [flash-chat-gateway] [remote.worker.0] com.alibaba.nacos.common.remote.client   : [59099fad-baff-421c-bcc4-ce3fa2c2df03] Notify connected event to listeners.
2026-06-28T15:11:15.968+08:00  INFO 4348 --- [flash-chat-gateway] [           main] com.alibaba.nacos.common.remote.client   : [59099fad-baff-421c-bcc4-ce3fa2c2df03] Register server push request handler:com.alibaba.nacos.common.remote.client.RpcClient$$Lambda/0x000002c001352630
2026-06-28T15:11:15.968+08:00  INFO 4348 --- [flash-chat-gateway] [remote.worker.0] com.alibaba.nacos.client.naming          : Grpc connection connect
2026-06-28T15:11:15.969+08:00  INFO 4348 --- [flash-chat-gateway] [           main] com.alibaba.nacos.client.naming          : [REGISTER-SERVICE] public registering service flash-chat-gateway with instance Instance{instanceId='null', ip='192.168.10.1', port=1000, weight=1.0, healthy=true, enabled=true, ephemeral=true, clusterName='DEFAULT', serviceName='null', metadata={IPv6=null, preserved.register.source=SPRING_CLOUD}}
2026-06-28T15:11:15.980+08:00  INFO 4348 --- [flash-chat-gateway] [           main] c.a.c.n.registry.NacosServiceRegistry    : nacos registry, DEFAULT_GROUP flash-chat-gateway 192.168.10.1:1000 register finished
2026-06-28T15:11:16.018+08:00  INFO 4348 --- [flash-chat-gateway] [           main] i.github.zh.gateway.GatewayApplication   : Started GatewayApplication in 10.019 seconds (process running for 10.42)
2026-06-28T15:11:16.075+08:00  INFO 4348 --- [flash-chat-gateway] [           main] c.a.nacos.client.config.impl.CacheData   : config listener notify warn timeout millis use default 60000 millis 
2026-06-28T15:11:16.076+08:00  INFO 4348 --- [flash-chat-gateway] [           main] c.a.nacos.client.config.impl.CacheData   : nacos.cache.data.init.snapshot = true 
2026-06-28T15:11:16.077+08:00  INFO 4348 --- [flash-chat-gateway] [           main] c.a.n.client.config.impl.ClientWorker    : [fixed-127.0.0.1_8848] [subscribe] flash-chat-gateway.yaml+DEFAULT_GROUP
2026-06-28T15:11:16.081+08:00  INFO 4348 --- [flash-chat-gateway] [           main] c.a.nacos.client.config.impl.CacheData   : [fixed-127.0.0.1_8848] [add-listener] ok, tenant=, dataId=flash-chat-gateway.yaml, group=DEFAULT_GROUP, cnt=1
2026-06-28T15:11:16.081+08:00  INFO 4348 --- [flash-chat-gateway] [           main] c.a.c.n.refresh.NacosContextRefresher    : [Nacos Config] Listening config: dataId=flash-chat-gateway.yaml, group=DEFAULT_GROUP
2026-06-28T15:11:16.081+08:00  INFO 4348 --- [flash-chat-gateway] [           main] c.a.n.client.config.impl.ClientWorker    : [fixed-127.0.0.1_8848] [subscribe] flash-chat-gateway-dev.yaml+DEFAULT_GROUP
2026-06-28T15:11:16.082+08:00  INFO 4348 --- [flash-chat-gateway] [           main] c.a.nacos.client.config.impl.CacheData   : [fixed-127.0.0.1_8848] [add-listener] ok, tenant=, dataId=flash-chat-gateway-dev.yaml, group=DEFAULT_GROUP, cnt=1
2026-06-28T15:11:16.082+08:00  INFO 4348 --- [flash-chat-gateway] [           main] c.a.c.n.refresh.NacosContextRefresher    : [Nacos Config] Listening config: dataId=flash-chat-gateway-dev.yaml, group=DEFAULT_GROUP
2026-06-28T15:11:16.082+08:00  INFO 4348 --- [flash-chat-gateway] [           main] c.a.n.client.config.impl.ClientWorker    : [fixed-127.0.0.1_8848] [subscribe] flash-chat-gateway+DEFAULT_GROUP
2026-06-28T15:11:16.082+08:00  INFO 4348 --- [flash-chat-gateway] [           main] c.a.nacos.client.config.impl.CacheData   : [fixed-127.0.0.1_8848] [add-listener] ok, tenant=, dataId=flash-chat-gateway, group=DEFAULT_GROUP, cnt=1
2026-06-28T15:11:16.083+08:00  INFO 4348 --- [flash-chat-gateway] [           main] c.a.c.n.refresh.NacosContextRefresher    : [Nacos Config] Listening config: dataId=flash-chat-gateway, group=DEFAULT_GROUP
